1521737235755	geckodriver	INFO	geckodriver 0.20.0
1521737235802	geckodriver	INFO	Listening on 127.0.0.1:51199
1521737238648	mozrunner::runner	INFO	Running command: "C:\\Program Files (x86)\\Mozilla Firefox\\firefox.exe" "-marionette" "-profile" "C:\\Users\\MARCOS~1\\AppData\\Local\\Temp\\rust_mozprofile.q51OKKWlfSK5"
1521737241042	Marionette	INFO	Enabled via --marionette
1521737246572	Marionette	INFO	Listening on port 51207
Unable to read VR Path Registry from C:\Users\Marcos-Garcia\AppData\Local\openvr\openvrpaths.vrpath
[Parent 8708, Gecko_IOThread] WARNING: pipe error: 109: file z:/build/build/src/ipc/chromium/src/chrome/common/ipc_channel_win.cc, line 346
[Parent 8708, Gecko_IOThread] WARNING: pipe error: 109: file z:/build/build/src/ipc/chromium/src/chrome/common/ipc_channel_win.cc, line 346
Unable to read VR Path Registry from C:\Users\Marcos-Garcia\AppData\Local\openvr\openvrpaths.vrpath
[Child 9004, Chrome_ChildThread] WARNING: pipe error: 109: file z:/build/build/src/ipc/chromium/src/chrome/common/ipc_channel_win.cc, line 346
[Child 9004, Chrome_ChildThread] WARNING: pipe error: 109: file z:/build/build/src/ipc/chromium/src/chrome/common/ipc_channel_win.cc, line 346
Unable to read VR Path Registry from C:\Users\Marcos-Garcia\AppData\Local\openvr\openvrpaths.vrpath
[Child 6844, Chrome_ChildThread] WARNING: pipe error: 109: file z:/build/build/src/ipc/chromium/src/chrome/common/ipc_channel_win.cc, line 346
[Child 6844, Chrome_ChildThread] WARNING: pipe error: 109: file z:/build/build/src/ipc/chromium/src/chrome/common/ipc_channel_win.cc, line 346
*** UTM:SVC TimerManager:registerTimer called after profile-before-change notification. Ignoring timer registration for id: telemetry_modules_ping

###!!! [Child][MessageChannel::SendAndWait] Error: Channel error: cannot send/recv

Unable to read VR Path Registry from C:\Users\Marcos-Garcia\AppData\Local\openvr\openvrpaths.vrpath
[Child 9732, Chrome_ChildThread] WARNING: pipe error: 109: file z:/build/build/src/ipc/chromium/src/chrome/common/ipc_channel_win.cc, line 346
*** UTM:SVC TimerManager:registerTimer called after profile-before-change notification. Ignoring timer registration for id: telemetry_modules_ping

###!!! [Child][MessageChannel::SendAndWait] Error: Channel error: cannot send/recv

1521737278930	geckodriver	INFO	geckodriver 0.20.0
1521737278961	geckodriver	INFO	Listening on 127.0.0.1:51263
1521737281820	mozrunner::runner	INFO	Running command: "C:\\Program Files (x86)\\Mozilla Firefox\\firefox.exe" "-marionette" "-profile" "C:\\Users\\MARCOS~1\\AppData\\Local\\Temp\\rust_mozprofile.pTrWxd8mBzbR"
1521737283768	Marionette	INFO	Enabled via --marionette
1521737288226	Marionette	INFO	Listening on port 51271
1521737289302	Marionette	WARN	TLS certificate errors will be ignored for this session
console.warn: LoginRecipes: getRecipes: falling back to a synchronous message for: https://www.google.com.br
Unable to read VR Path Registry from C:\Users\Marcos-Garcia\AppData\Local\openvr\openvrpaths.vrpath
[Child 8996, Chrome_ChildThread] WARNING: pipe error: 109: file z:/build/build/src/ipc/chromium/src/chrome/common/ipc_channel_win.cc, line 346
Unable to read VR Path Registry from C:\Users\Marcos-Garcia\AppData\Local\openvr\openvrpaths.vrpath
[Child 9876, Chrome_ChildThread] WARNING: pipe error: 109: file z:/build/build/src/ipc/chromium/src/chrome/common/ipc_channel_win.cc, line 346
[Child 9876, Chrome_ChildThUnable to read VR Path Registry from C:\Users\Marcos-Garcia\AppData\Local\openvr\openvrpaths.vrpath
[Parent 7764, Gecko_IOThread] WARNING: pipe error: 109: file z:/build/build/src/ipc/chromium/src/chrome/common/ipc_channel_win.cc, line 346
Unable to read VR Path Registry from C:\Users\Marcos-Garcia\AppData\Local\openvr\openvrpaths.vrpath
[Child 7468, Chrome_ChildThread] WARNING: pipe error: 109: file z:/build/build/src/ipc/chromium/src/chrome/common/ipc_channel_win.cc, line 346
[Child 7468, Chrome_ChildThread] WARNING: pipe error: 109: file z:/build/build/src/ipc/chromium/src/chrome/common/ipc_channel_win.cc, line 346
Unable to read VR Path Registry from C:\Users\Marcos-Garcia\AppData\Local\openvr\openvrpaths.vrpath
[Child 2816, Chrome_ChildThread] WARNING: pipe error: 109: file z:/build/build/src/ipc/chromium/src/chrome/common/ipc_channel_win.cc, line 346
[Child 2816, Chrome_ChildThread] WARNING: pipe error: 109: file z:/build/build/src/ipc/chromium/src/chrome/common/ipc_channel_win.cc, line 346
*** UTM:SVC TimerManager:registerTimer called after profile-before-change notification. Ignoring timer registration for id: telemetry_modules_ping
Unable to read VR Path Registry from C:\Users\Marcos-Garcia\AppData\Local\openvr\openvrpaths.vrpath
[GPU 9544, Chrome_ChildThread] WARNING: pipe error: 109: file z:/build/build/src/ipc/chromium/src/chrome/common/ipc_channel_win.cc, line 346
1521737894038	geckodriver	INFO	geckodriver 0.20.0
1521737894070	geckodriver	INFO	Listening on 127.0.0.1:51431
1521737896991	mozrunner::runner	INFO	Running command: "C:\\Program Files (x86)\\Mozilla Firefox\\firefox.exe" "-marionette" "-profile" "C:\\Users\\MARCOS~1\\AppData\\Local\\Temp\\rust_mozprofile.KEQCZgHkxlT0"
1521737898752	Marionette	INFO	Enabled via --marionette
1521737903452	Marionette	INFO	Listening on port 51439
1521737904444	Marionette	WARN	TLS certificate errors will be ignored for this session
Unable to read VR Path Registry from C:\Users\Marcos-Garcia\AppData\Local\openvr\openvrpaths.vrpath
JavaScript warning: http://cdnjs.cloudflare.com/ajax/libs/jquery/2.0.3/jquery.min.js, line 1: Using //@ to indicate sourceMappingURL pragmas is deprecated. Use //# instead
[Child 3796, Chrome_ChildThread] WARNING: pipe error: 109: file z:/build/build/src/ipc/chromium/src/chrome/common/ipc_channel_win.cc, line 346
[Child 3796, Chrome_ChildThread] WARNING: pipe error: 109: file z:/build/build/src/ipc/chromium/src/chrome/common/ipc_channel_win.cc, line 346
Unable to read VR Path Registry from C:\Users\Marcos-Garcia\AppData\Local\openvr\openvrpaths.vrpath
[Parent 9360, Gecko_IOThread] WARNING: pipe error: 109: file z:/build/build/src/ipc/chromium/src/chrome/common/ipc_channel_win.cc, line 346
Unable to read VR Path Registry from C:\Users\Marcos-Garcia\AppData\Local\openvr\openvrpaths.vrpath
[Child 8680, Chrome_ChildThread] WARNING: pipe error: 109: file z:/build/build/src/ipc/chromium/src/chrome/common/ipc_channel_win.cc, line 346
*** UTM:SVC TimerManager:registerTimer called after profile-before-change notification. Ignoring timer registration for id: telemetry_modules_ping

###!!! [Child][MessageChannel::SendAndWait] Error: Channel error: cannot send/recv

1521737910820	geckodriver::marionette	ERROR	Failed to stop browser process
1521737999659	geckodriver	INFO	geckodriver 0.20.0
1521737999690	geckodriver	INFO	Listening on 127.0.0.1:51527
1521738002587	mozrunner::runner	INFO	Running command: "C:\\Program Files (x86)\\Mozilla Firefox\\firefox.exe" "-marionette" "-profile" "C:\\Users\\MARCOS~1\\AppData\\Local\\Temp\\rust_mozprofile.vxLKmoIuk09R"
1521738004254	Marionette	INFO	Enabled via --marionette
1521738008662	Marionette	INFO	Listening on port 51535
1521738008918	Marionette	WARN	TLS certificate errors will be ignored for this session
Unable to read VR Path Registry from C:\Users\Marcos-Garcia\AppData\Local\openvr\openvrpaths.vrpath
JavaScript warning: http://cdnjs.cloudflare.com/ajax/libs/jquery/2.0.3/jquery.min.js, line 1: Using //@ to indicate sourceMappingURL pragmas is deprecated. Use //# instead
Unable to read VR Path Registry from C:\Users\Marcos-Garcia\AppData\Local\openvr\openvrpaths.vrpath
[Child 7252, Chrome_ChildThread] WARNING: pipe error: 109: file z:/build/build/src/ipc/chromium/src/chrome/common/ipc_channel_win.cc, line 346
[Child 7252, Chrome_ChildThread] WARNING: pipe error: 109: file z:/build/build/src/ipc/chromium/src/chrome/common/ipc_channel_win.cc, line 346
[Child 6196, Chrome_ChildThread] WARNING: pipe error: 109: file z:/build/build/src/ipc/chromium/src/chrome/common/ipc_channel_win.cc, line 346
[Child 6196, Chrome_ChildThread] WARNING: pipe error: 109: file z:/build/build/src/ipc/chromium/src/chrome/common/ipc_channel_win.cc, line 346
Unable to read VR Path Registry from C:\Users\Marcos-Garcia\AppData\Local\openvr\openvrpaths.vrpath
[Parent 9284, Gecko_IOThread] WARNING: pipe error: 109: file z:/build/build/src/ipc/chromium/src/chrome/common/ipc_channel_win.cc, line 346
Unable to read VR Path Registry from C:\Users\Marcos-Garcia\AppData\Local\openvr\openvrpaths.vrpath
[Child 8256, Chrome_ChildThread] WARNING: pipe error: 109: file z:/build/build/src/ipc/chromium/src/chrome/common/ipc_channel_win.cc, line 346
[Child 8256, Chrome_ChildThread] WARNING: pipe error: 109: file z:/build/build/src/ipc/chromium/src/chrome/common/ipc_channel_win.cc, line 346
*** UTM:SVC TimerManager:registerTimer called after profile-before-change notification. Ignoring timer registration for id: telemetry_modules_ping

###!!! [Child][MessageChannel::SendAndWait] Error: Channel error: cannot send/recv

1521738016042	geckodriver::marionette	ERROR	Failed to stop browser process
1521738074868	geckodriver	INFO	geckodriver 0.20.0
1521738074914	geckodriver	INFO	Listening on 127.0.0.1:51628
1521738077789	mozrunner::runner	INFO	Running command: "C:\\Program Files (x86)\\Mozilla Firefox\\firefox.exe" "-marionette" "-profile" "C:\\Users\\MARCOS~1\\AppData\\Local\\Temp\\rust_mozprofile.HZ7YIaFoMQa1"
1521738079416	Marionette	INFO	Enabled via --marionette
1521738083694	Marionette	INFO	Listening on port 51636
1521738084330	Marionette	WARN	TLS certificate errors will be ignored for this session
Unable to read VR Path Registry from C:\Users\Marcos-Garcia\AppData\Local\openvr\openvrpaths.vrpath
JavaScript warning: http://cdnjs.cloudflare.com/ajax/libs/jquery/2.0.3/jquery.min.js, line 1: Using //@ to indicate sourceMappingURL pragmas is deprecated. Use //# instead
[Child 10052, Chrome_ChildThread] WARNING: pipe error: 109: file z:/build/build/src/ipc/chromium/src/chrome/common/ipc_channel_win.cc, line 346
Unable to read VR Path Registry from C:\Users\Marcos-Garcia\AppData\Local\openvr\openvrpaths.vrpath
[Child 9248, Chrome_ChildThread] WARNING: pipe error: 109: file z:/build/build/src/ipc/chromium/src/chrome/common/ipc_channel_win.cc, line 346
[Child 9248, Chrome_ChildThread] WARNING: pipe error: 109: file z:/build/build/src/ipc/chromium/src/chrome/common/ipc_channel_win.cc, line 346
Unable to read VR Path Registry from C:\Users\Marcos-Garcia\AppData\Local\openvr\openvrpaths.vrpath
[Parent 420, Gecko_IOThread] WARNING: pipe error: 109: file z:/build/build/src/ipc/chromium/src/chrome/common/ipc_channel_win.cc, line 346
Unable to read VR Path Registry from C:\Users\Marcos-Garcia\AppData\Local\openvr\openvrpaths.vrpath
[Child 9620, Chrome_ChildThread] WARNING: pipe error: 109: file z:/build/build/src/ipc/chromium/src/chrome/common/ipc_channel_win.cc, line 346
[Child 9620, Chrome_ChildThread] WARNING: pipe error: 109: file z:/build/build/src/ipc/chromium/src/chrome/common/ipc_channel_win.cc, line 346
*** UTM:SVC TimerManager:registerTimer called after profile-before-change notification. Ignoring timer registration for id: telemetry_modules_ping

###!!! [Child][MessageChannel::SendAndWait] Error: Channel error: cannot send/recv

l_win.cc, line 346
[Child 10164, Chrome_ChildThread] WARNING: pipe error: 109: file z:/build/build/src/ipc/chromium/src/chrome/common/ipc_channel_win.cc, line 346
*** UTM:SVC TimerManager:registerTimer called after profile-before-change notification. Ignoring timer registration for id: telemetry_modules_ping

###!!! [Child][MessageChannel::SendAndWait] Error: Channel error: cannot send/recv

1521738127258	geckodriver::marionette	ERROR	Failed to stop browser process
1521738551070	geckodriver	INFO	geckodriver 0.20.0
1521738551119	geckodriver	INFO	Listening on 127.0.0.1:51924
1521738553979	mozrunner::runner	INFO	Running command: "C:\\Program Files (x86)\\Mozilla Firefox\\firefox.exe" "-marionette" "-profile" "C:\\Users\\MARCOS~1\\AppData\\Local\\Temp\\rust_mozprofile.ZJpEdbG2GONf"
1521738555782	Marionette	INFO	Enabled via --marionette
1521738560126	Marionette	INFO	Listening on port 51934
1521738560420	Marionette	WARN	TLS certificate errors will be ignored for this session
Unable to read VR Path Registry from C:\Users\Marcos-Garcia\AppData\Local\openvr\openvrpaths.vrpath
[Child 9416, Chrome_ChildThread] WARNING: pipe error: 109: file z:/build/build/src/ipc/chromium/src/chrome/common/ipc_channel_win.cc, line 346
Unable to read VR Path Registry from C:\Users\Marcos-Garcia\AppData\Local\openvr\openvrpaths.vrpath
[Parent 9340, Gecko_IOThread] WARNING: pipe error: 109: file z:/build/build/src/ipc/chromium/src/chrome/common/ipc_channel_win.cc, line 346
[Parent 9340, Gecko_IOThread] WARNING: pipe error: 109: file z:/build/build/src/ipc/chromium/src/chrome/common/ipc_channel_win.cc, line 346
Unable to read VR Path Registry from C:\Users\Marcos-Garcia\AppData\Local\openvr\openvrpaths.vrpath
[Child 3108, Chrome_ChildThread] WARNING: pipe error: 109: file z:/build/build/src/ipc/chromium/src/chrome/common/ipc_channel_win.cc, line 346
*** UTM:SVC TimerManager:registerTimer called after profile-before-change notification. Ignoring timer registration for id: telemetry_modules_ping
1521738566299	geckodriver::marionette	ERROR	Failed to stop browser process
1521748309718	geckodriver	INFO	geckodriver 0.20.0
1521748309757	geckodriver	INFO	Listening on 127.0.0.1:56987
1521748312556	mozrunner::runner	INFO	Running command: "C:\\Program Files (x86)\\Mozilla Firefox\\firefox.exe" "-marionette" "-profile" "C:\\Users\\MARCOS~1\\AppData\\Local\\Temp\\rust_mozprofile.Q4eallJA5uIq"
1521748315032	Marionette	INFO	Enabled via --marionette
1521748320306	Marionette	INFO	Listening on port 57006
1521748320438	Marionette	WARN	TLS certificate errors will be ignored for this session
Unable to read VR Path Registry from C:\Users\Marcos-Garcia\AppData\Local\openvr\openvrpaths.vrpath
[Child 8680, Chrome_ChildThread] WARNING: pipe error: 109: file z:/build/build/src/ipc/chromium/src/chrome/common/ipc_channel_win.cc, line 346
[Child 8680, Chrome_ChildThread] WARNING: pipe error: 109: file z:/build/build/src/ipc/chromium/src/chrome/common/ipc_channel_win.cc, line 346
Unable to read VR Path Registry from C:\Users\Marcos-Garcia\AppData\Local\openvr\openvrpaths.vrpath
[Parent 9700, Gecko_IOThread] WARNING: pipe error: 109: file z:/build/build/src/ipc/chromium/src/chrome/common/ipc_channel_win.cc, line 346
Unable to read VR Path Registry from C:\Users\Marcos-Garcia\AppData\Local\openvr\openvrpaths.vrpath
[Child 8768, Chrome_ChildThread] WARNING: pipe error: 109: file z:/build/build/src/ipc/chromium/src/chrome/common/ipc_channel_win.cc, line 346
[Child 8768, Chrome_ChildThread] WARNING: pipe error: 109: file z:/build/build/src/ipc/chromium/src/chrome/common/ipc_channel_win.cc, line 346
*** UTM:SVC TimerManager:registerTimer called after profile-before-change notification. Ignoring timer registration for id: telemetry_modules_ping

###!!! [Child][MessageChannel::SendAndWait] Error: Channel error: cannot send/recv

1521748329606	geckodriver::marionette	ERROR	Failed to stop browser process
1521748330045	geckodriver	INFO	geckodriver 0.20.0
1521748330085	geckodriver	INFO	Listening on 127.0.0.1:57060
1521748332906	mozrunner::runner	INFO	Running command: "C:\\Program Files (x86)\\Mozilla Firefox\\firefox.exe" "-marionette" "-profile" "C:\\Users\\MARCOS~1\\AppData\\Local\\Temp\\rust_mozprofile.LC7Xoc3wiVLr"
1521748334598	Marionette	INFO	Enabled via --marionette
1521748340352	Marionette	INFO	Listening on port 57083
1521748340844	Marionette	WARN	TLS certificate errors will be ignored for this session
Unable to read VR Path Registry from C:\Users\Marcos-Garcia\AppData\Local\openvr\openvrpaths.vrpath
[Child 9156, Chrome_ChildThread] WARNING: pipe error: 109: file z:/build/build/src/ipc/chromium/src/chrome/common/ipc_channel_win.cc, line 346
[Child 9156, Chrome_ChildThread] WARNING: pipe error: 109: file z:/build/build/src/ipc/chromium/src/chrome/common/ipc_channel_win.cc, line 346
Unable to read VR Path Registry from C:\Users\Marcos-Garcia\AppData\Local\openvr\openvrpaths.vrpath
[Child 6992, Chrome_ChildThread] WARNING: pipe error: 109: file z:/build/build/src/ipc/chromium/src/chrome/common/ipc_channel_win.cc, line 346
*** UTM:SVC TimerManager:registerTimer called after profile-before-change notification. Ignoring timer registration for id: telemetry_modules_ping

###!!! [Child][MessageChannel::SendAndWait] Error: Channel error: cannot send/recv

Unable to read VR Path Registry from C:\Users\Marcos-Garcia\AppData\Local\openvr\openvrpaths.vrpath
1521748346353	geckodriver::marionette	ERROR	Failed to stop browser process
1521748346740	geckodriver	INFO	geckodriver 0.20.0
1521748346781	geckodriver	INFO	Listening on 127.0.0.1:57136
1521748349607	mozrunner::runner	INFO	Running command: "C:\\Program Files (x86)\\Mozilla Firefox\\firefox.exe" "-marionette" "-profile" "C:\\Users\\MARCOS~1\\AppData\\Local\\Temp\\rust_mozprofile.XqCUhWuGCO0X"
1521748351716	Marionette	INFO	Enabled via --marionette
1521748356434	Marionette	INFO	Listening on port 57148
1521748356952	Marionette	WARN	TLS certificate errors will be ignored for this session
Unable to read VR Path Registry from C:\Users\Marcos-Garcia\AppData\Local\openvr\openvrpaths.vrpath
[Parent 9508, Gecko_IOThread] WARNING: pipe error: 109: file z:/build/build/src/ipc/chromium/src/chrome/common/ipc_channel_win.cc, line 346
Unable to read VR Path Registry from C:\Users\Marcos-Garcia\AppData\Local\openvr\openvrpaths.vrpath
[Child 9612, Chrome_ChildThread] WARNING: pipe error: 109: file z:/build/build/src/ipc/chromium/src/chrome/common/ipc_channel_win.cc, line 346
[Child 9612, Chrome_ChildThread] WARNING: pipe error: 109: file z:/build/build/src/ipc/chromium/src/chrome/common/ipc_channel_win.cc, line 346
[Parent 9508, Gecko_IOThread] WARNING: pipe error: 109: file z:/build/build/src/ipc/chromium/src/chrome/common/ipc_channel_win.cc, line 346
Unable to read VR Path Registry from C:\Users\Marcos-Garcia\AppData\Local\openvr\openvrpaths.vrpath
[Child 8588, Chrome_ChildThread] WARNING: pipe error: 109: file z:/build/build/src/ipc/chromium/src/chrome/common/ipc_channel_win.cc, line 346
[Child 8588, Chrome_ChildThread] WARNING: pipe error: 109: file z:/build/build/src/ipc/chromium/src/chrome/common/ipc_channel_win.cc, line 346
*** UTM:SVC TimerManager:registerTimer called after profile-before-change notification. Ignoring timer registration for id: telemetry_modules_ping

###!!! [Child][MessageChannel::SendAndWait] Error: Channel error: cannot send/recv

1521748416902	geckodriver	INFO	geckodriver 0.20.0
1521748416943	geckodriver	INFO	Listening on 127.0.0.1:57268
1521748419064	mozrunner::runner	INFO	Running command: "C:\\Program Files (x86)\\Mozilla Firefox\\firefox.exe" "-marionette" "-profile" "C:\\Users\\MARCOS~1\\AppData\\Local\\Temp\\rust_mozprofile.oHXoDzVW0Jz4"
1521748420984	Marionette	INFO	Enabled via --marionette
1521748425690	Marionette	INFO	Listening on port 57280
1521748426422	Marionette	WARN	TLS certificate errors will be ignored for this session
Unable to read VR Path Registry from C:\Users\Marcos-Garcia\AppData\Local\openvr\openvrpaths.vrpath
[Parent 10904, Gecko_IOThread] WARNING: pipe error: 109: file z:/build/build/src/ipc/chromium/src/chrome/common/ipc_channel_win.cc, line 346
[Parent 10904, Gecko_IOThread] WARNING: pipe error: 109: file z:/build/build/src/ipc/chromium/src/chrome/common/ipc_channel_win.cc, line 346
Unable to read VR Path Registry from C:\Users\Marcos-Garcia\AppData\Local\openvr\openvrpaths.vrpath
[Child 7260, Chrome_ChildThread] WARNING: pipe error: 109: file z:/build/build/src/ipc/chromium/src/chrome/common/ipc_channel_win.cc, line 346
[Child 7260, Chrome_ChildThread] WARNING: pipe error: 109: file z:/build/build/src/ipc/chromium/src/chrome/common/ipc_channel_win.cc, line 346
[Parent 10904, Gecko_IOThread] WARNING: pipe error: 109: file z:/build/build/src/ipc/chromium/src/chrome/common/ipc_channel_win.cc, line 346
Unable to read VR Path Registry from C:\Users\Marcos-Garcia\AppData\Local\openvr\openvrpaths.vrpath
[Child 9388, Chrome_ChildThread] WARNING: pipe error: 109: file z:/build/build/src/ipc/chromium/src/chrome/common/ipc_channel_win.cc, line 346
*** UTM:SVC TimerManager:registerTimer called after profile-before-change notification. Ignoring timer registration for id: telemetry_modules_ping

###!!! [Child][MessageChannel::SendAndWait] Error: Channel error: cannot send/recv

1521748453798	geckodriver	INFO	geckodriver 0.20.0
1521748453831	geckodriver	INFO	Listening on 127.0.0.1:57355
1521748456710	mozrunner::runner	INFO	Running command: "C:\\Program Files (x86)\\Mozilla Firefox\\firefox.exe" "-marionette" "-profile" "C:\\Users\\MARCOS~1\\AppData\\Local\\Temp\\rust_mozprofile.7QRWOvGXi1So"
1521748458456	Marionette	INFO	Enabled via --marionette
1521748462954	Marionette	INFO	Listening on port 57367
1521748463030	Marionette	WARN	TLS certificate errors will be ignored for this session
Unable to read VR Path Registry from C:\Users\Marcos-Garcia\AppData\Local\openvr\openvrpaths.vrpath
[Child 11168, Chrome_ChildThread] WARNING: pipe error: 109: file z:/build/build/src/ipc/chromium/src/chrome/common/ipc_channel_win.cc, line 346
[Child 11168, Chrome_ChildThread] WARNING: pipe error: 109: file z:/build/build/src/ipc/chromium/src/chrome/common/ipc_channel_win.cc, line 346
Unable to read VR Path Registry from C:\Users\Marcos-Garcia\AppData\Local\openvr\openvrpaths.vrpath
[Child 10032, Chrome_ChilUnable to read VR Path Registry from C:\Users\Marcos-Garcia\AppData\Local\openvr\openvrpaths.vrpath
[Parent 9908, Gecko_IOThread] WARNING: pipe error: 109: file z:/build/build/src/ipc/chromium/src/chrome/common/ipc_channel_win.cc, line 346
[Parent 9908, Gecko_IOThread] WARNING: pipe error: 109: file z:/build/build/src/ipc/chromium/src/chrome/common/ipc_channel_win.cc, line 346
Unable to read VR Path Registry from C:\Users\Marcos-Garcia\AppData\Local\openvr\openvrpaths.vrpath
[Child 11516, Chrome_ChildThread] WARNING: pipe error: 109: file z:/build/build/src/ipc/chromium/src/chrome/common/ipc_channel_win.cc, line 346
Unable to read VR Path Registry from C:\Users\Marcos-Garcia\AppData\Local\openvr\openvrpaths.vrpath
[Child 4552, Chrome_ChildThread] WARNING: pipe error: 109: file z:/build/build/src/ipc/chromium/src/chrome/common/ipc_channel_win.cc, line 346
[Child 4552, Chrome_ChildThread] WARNING: pipe error: 109: file z:/build/build/src/ipc/chromium/src/chrome/common/ipc_channel_win.cc, line 346
[Parent 9908, Gecko_IOThread] WARNING: pipe error: 109: file z:/build/build/src/ipc/chromium/src/chrome/common/ipc_channel_win.cc, line 346
Unable to read VR Path Registry from C:\Users\Marcos-Garcia\AppData\Local\openvr\openvrpaths.vrpath
[Child 9116, Chrome_ChildThread] WARNING: pipe error: 109: file z:/build/build/src/ipc/chromium/src/chrome/common/ipc_channel_win.cc, line 346
[Child 9116, Chrome_ChildThread] WARNING: pipe error: 109: file z:/build/build/src/ipc/chromium/src/chrome/common/ipc_channel_win.cc, line 346
*** UTM:SVC TimerManager:registerTimer called after profile-before-change notification. Ignoring timer registration for id: telemetry_modules_ping

###!!! [Child][MessageChannel::SendAndWait] Error: Channel error: cannot send/recv

1521748551466	geckodriver	INFO	geckodriver 0.20.0
1521748551512	geckodriver	INFO	Listening on 127.0.0.1:57595
1521748554305	mozrunner::runner	INFO	Running command: "C:\\Program Files (x86)\\Mozilla Firefox\\firefox.exe" "-marionette" "-profile" "C:\\Users\\MARCOS~1\\AppData\\Local\\Temp\\rust_mozprofile.22PXk79gTEeN"
1521748556048	Marionette	INFO	Enabled via --marionette
1521748560372	Marionette	INFO	Listening on port 57607
1521748560580	Marionette	WARN	TLS certificate errors will be ignored for this session
Unable to read VR Path Registry from C:\Users\Marcos-Garcia\AppData\Local\openvr\openvrpaths.vrpath
[Parent 11624, Gecko_IOThread] WARNING: pipe error: 109: file z:/build/build/src/ipc/chromium/src/chrome/common/ipc_channel_win.cc, line 346
Unable to read VR Path Registry from C:\Users\Marcos-Garcia\AppData\Local\openvr\openvrpaths.vrpath
[Child 10884, Chrome_ChildThread] WARNING: pipe error: 109: file z:/build/build/src/ipc/chromium/src/chrome/common/ipc_channel_win.cc, line 346
[Child 10884, Chrome_ChildThread] WARNING: pipe error: 109: file z:/build/build/src/ipc/chromium/src/chrome/common/ipc_channel_win.cc, line 346
Unable to read VR Path Registry from C:\Users\Marcos-Garcia\AppData\Local\openvr\openvrpaths.vrpath
[Child 10404, Chrome_ChildThread] WARNING: pipe error: 109: file z:/build/build/src/ipc/chromium/src/chrome/common/ipc_channel_win.cc, line 346
*** UTM:SVC TimerManager:registerTimer called after profile-before-change notification. Ignoring timer registration for id: telemetry_modules_ping
Unable to read VR Path Registry from C:\Users\Marcos-Garcia\AppData\Local\openvr\openvrpaths.vrpath
[GPU 11896, Chrome_ChildThread] WARNING: pipe error: 109: file z:/build/build/src/ipc/chromium/src/chrome/common/ipc_channel_win.cc, line 346

###!!! [Child][MessageChannel::SendAndWait] Error: Channel error: cannot send/recv

1521748580858	geckodriver::marionette	ERROR	Failed to stop browser process
1521748628684	geckodriver	INFO	geckodriver 0.20.0
1521748628709	geckodriver	INFO	Listening on 127.0.0.1:57776
1521748631587	mozrunner::runner	INFO	Running command: "C:\\Program Files (x86)\\Mozilla Firefox\\firefox.exe" "-marionette" "-profile" "C:\\Users\\MARCOS~1\\AppData\\Local\\Temp\\rust_mozprofile.zUFVZh87t8d8"
1521748633432	Marionette	INFO	Enabled via --marionette
1521748637878	Marionette	INFO	Listening on port 57788
1521748638950	Marionette	WARN	TLS certificate errors will be ignored for this session
Unable to read VR Path Registry from C:\Users\Marcos-Garcia\AppData\Local\openvr\openvrpaths.vrpath
[Parent 12116, Gecko_IOThread] WARNING: pipe error: 109: file z:/build/build/src/ipc/chromium/src/chrome/common/ipc_channel_win.cc, line 346
Unable to read VR Path Registry from C:\Users\Marcos-Garcia\AppData\Local\openvr\openvrpaths.vrpath
[Child 10756, Chrome_ChildThread] WARNING: pipe error: 109: file z:/build/build/src/ipc/chromium/src/chrome/common/ipc_channel_win.cc, line 346
[Child 10756, Chrome_ChildThread] WARNING: pipe error: 109: file z:/build/build/src/ipc/chromium/src/chrome/common/ipc_channel_win.cc, line 346
[Parent 12116, Gecko_IOThread] WARNING: pipe error: 109: file z:/build/build/src/ipc/chromium/src/chrome/common/ipc_channel_win.cc, line 346
Unable to read VR Path Registry from C:\Users\Marcos-Garcia\AppData\Local\openvr\openvrpaths.vrpath
[Child 12068, Chrome_ChildThread] WARNING: pipe error: 109: file z:/build/build/src/ipc/chromium/src/chrome/common/ipc_channel_win.cc, line 346
[Child 12068, Chrome_ChildThread] WARNING: pipe error: 109: file z:/build/build/src/ipc/chromium/src/chrome/common/ipc_channel_win.cc, line 346
[Parent 12116, Gecko_IOThread] WARNING: pipe error: 109: file z:/build/build/src/ipc/chromium/src/chrome/common/ipc_channel_win.cc, line 346
Unable to read VR Path Registry from C:\Users\Marcos-Garcia\AppData\Local\openvr\openvrpaths.vrpath
[Child 11388, Chrome_ChildThread] WARNING: pipe error: 109: file z:/build/build/src/ipc/chromium/src/chrome/common/ipc_channel_win.cc, line 346
[Child 11388, Chrome_ChildThread] WARNING: pipe error: 109: file z:/build/build/src/ipc/chromium/src/chrome/common/ipc_channel_win.cc, line 346
*** UTM:SVC TimerManager:registerTimer called after profile-before-change notification. Ignoring timer registration for id: telemetry_modules_ping

###!!! [Child][MessageChannel::SendAndWait] Error: Channel error: cannot send/recv

1521748693015	geckodriver	INFO	geckodriver 0.20.0
1521748693053	geckodriver	INFO	Listening on 127.0.0.1:57932
1521748695899	mozrunner::runner	INFO	Running command: "C:\\Program Files (x86)\\Mozilla Firefox\\firefox.exe" "-marionette" "-profile" "C:\\Users\\MARCOS~1\\AppData\\Local\\Temp\\rust_mozprofile.JYb7mpPhn1Ge"
1521748697564	Marionette	INFO	Enabled via --marionette
1521748701992	Marionette	INFO	Listening on port 57944
1521748702202	Marionette	WARN	TLS certificate errors will be ignored for this session
Unable to read VR Path Registry from C:\Users\Marcos-Garcia\AppData\Local\openvr\openvrpaths.vrpath
[Parent 9888, Gecko_IOThread] WARNING: pipe error: 109: file z:/build/build/src/ipc/chromium/src/chrome/common/ipc_channel_win.cc, line 346
Unable to read VR Path Registry from C:\Users\Marcos-Garcia\AppData\Local\openvr\openvrpaths.vrpath
[Child 10500, Chrome_ChildThread] WARNING: pipe error: 109: file z:/build/build/src/ipc/chromium/src/chrome/common/ipc_channel_win.cc, line 346
[Child 10500, Chrome_ChildThread] WARNING: pipe error: 109: file z:/build/build/src/ipc/chromium/src/chrome/common/ipc_channel_win.cc, line 346
[Parent 9888, Gecko_IOThread] WARNING: pipe error: 109: file z:/build/build/src/ipc/chromium/src/chrome/common/ipc_channel_win.cc, line 346
Unable to read VR Path Registry from C:\Users\Marcos-Garcia\AppData\Local\openvr\openvrpaths.vrpath
[Child 11600, Chrome_ChildThread] WARNING: pipe error: 109: file z:/build/build/src/ipc/chromium/src/chrome/common/ipc_channel_win.cc, line 346
[Child 11600, Chrome_ChildThread] WARNING: pipe error: 109: file z:/build/build/src/ipc/chromium/src/chrome/common/ipc_channel_win.cc, line 346
[Parent 9888, Gecko_IOThread] WARNING: pipe error: 109: file z:/build/build/src/ipc/chromium/src/chrome/common/ipc_channel_win.cc, line 346
*** UTM:SVC TimerManager:registerTimer called after profile-before-change notification. Ignoring timer registration for id: telemetry_modules_ping

###!!! [Child][MessageChannel::SendAndWait] Error: Channel error: cannot send/recv

1521748722323	geckodriver::marionette	ERROR	Failed to stop browser process
1521748872031	geckodriver	INFO	geckodriver 0.20.0
1521748872066	geckodriver	INFO	Listening on 127.0.0.1:58249
1521748874933	mozrunner::runner	INFO	Running command: "C:\\Program Files (x86)\\Mozilla Firefox\\firefox.exe" "-marionette" "-profile" "C:\\Users\\MARCOS~1\\AppData\\Local\\Temp\\rust_mozprofile.441DPIHpduqn"
1521748876638	Marionette	INFO	Enabled via --marionette
1521748881148	Marionette	INFO	Listening on port 58261
1521748881278	Marionette	WARN	TLS certificate errors will be ignored for this session
Unable to read VR Path Registry from C:\Users\Marcos-Garcia\AppData\Local\openvr\openvrpaths.vrpath
[Parent 924, Gecko_IOThread] WARNING: pipe error: 109: file z:/build/build/src/ipc/chromium/src/chrome/common/ipc_channel_win.cc, line 346
[Parent 924, Gecko_IOThread] WARNING: pipe error: 109: file z:/build/build/src/ipc/chromium/src/chrome/common/ipc_channel_win.cc, line 346
Unable to read VR Path Registry from C:\Users\Marcos-Garcia\AppData\Local\openvr\openvrpaths.vrpath
[Child 12044, Chrome_ChildThread] WARNING: pipe error: 109: file z:/build/build/src/ipc/chromium/src/chrome/common/ipc_channel_win.cc, line 346
[Child 12044, Chrome_ChildThread] WARNING: pipe error: 109: file z:/build/build/src/ipc/chromium/src/chrome/common/ipc_channel_win.cc, line 346
*** UTM:SVC TimerManager:registerTimer called after profile-before-change notification. Ignoring timer registration for id: telemetry_modules_ping
Unable to read VR Path Registry from C:\Users\Marcos-Garcia\AppData\Local\openvr\openvrpaths.vrpath
[GPU 11588, Chrome_ChildThread] WARNING: pipe error: 109: file z:/build/build/src/ipc/chromium/src/chrome/common/ipc_channel_win.cc, line 346

###!!! [Child][MessageChannel::SendAndWait] Error: Channel error: cannot send/recv

1521748901327	geckodriver::marionette	ERROR	Failed to stop browser process
1521748923442	geckodriver	INFO	geckodriver 0.20.0
1521748923472	geckodriver	INFO	Listening on 127.0.0.1:58387
1521748926370	mozrunner::runner	INFO	Running command: "C:\\Program Files (x86)\\Mozilla Firefox\\firefox.exe" "-marionette" "-profile" "C:\\Users\\MARCOS~1\\AppData\\Local\\Temp\\rust_mozprofile.dJx5laBCACFx"
1521748928072	Marionette	INFO	Enabled via --marionette
1521748932658	Marionette	INFO	Listening on port 58399
1521748933734	Marionette	WARN	TLS certificate errors will be ignored for this session
Unable to read VR Path Registry from C:\Users\Marcos-Garcia\AppData\Local\openvr\openvrpaths.vrpath
[Parent 11652, Gecko_IOThread] WARNING: pipe error: 109: file z:/build/build/src/ipc/chromium/src/chrome/common/ipc_channel_win.cc, line 346
Unable to read VR Path Registry from C:\Users\Marcos-Garcia\AppData\Local\openvr\openvrpaths.vrpath
[Child 10360, Chrome_ChildThread] WARNING: pipe error: 109: file z:/build/build/src/ipc/chromium/src/chrome/common/ipc_channel_win.cc, line 346
[Child 10360, Chrome_ChildThread] WARNING: pipe error: 109: file z:/build/build/src/ipc/chromium/src/chrome/common/ipc_channel_win.cc, line 346
[Parent 11652, Gecko_IOThread] WARNING: pipe error: 109: file z:/build/build/src/ipc/chromium/src/chrome/common/ipc_channel_win.cc, line 346
*** UTM:SVC TimerManager:registerTimer called after profile-before-change notification. Ignoring timer registration for id: telemetry_modules_ping
1521748962984	geckodriver::marionette	ERROR	Failed to stop browser process
1521831164962	geckodriver	INFO	geckodriver 0.20.0
1521831164993	geckodriver	INFO	Listening on 127.0.0.1:56561
1521831167778	mozrunner::runner	INFO	Running command: "C:\\Program Files (x86)\\Mozilla Firefox\\firefox.exe" "-marionette" "-profile" "C:\\Users\\MARCOS~1\\AppData\\Local\\Temp\\rust_mozprofile.QvavYNvrv8kN"
1521831170236	Marionette	INFO	Enabled via --marionette
1521831176016	Marionette	INFO	Listening on port 56569
1521831176304	Marionette	WARN	TLS certificate errors will be ignored for this session
Unable to read VR Path Registry from C:\Users\Marcos-Garcia\AppData\Local\openvr\openvrpaths.vrpath
[Parent 4712, Gecko_IOThread] WARNING: pipe error: 109: file z:/build/build/src/ipc/chromium/src/chrome/common/ipc_channel_win.cc, line 346
Unable to read VR Path Registry from C:\Users\Marcos-Garcia\AppData\Local\openvr\openvrpaths.vrpath
[Child 11776, Chrome_ChildThread] WARNING: pipe error: 109: file z:/build/build/src/ipc/chromium/src/chrome/common/ipc_channel_win.cc, line 346
[Child 11776, Chrome_ChildThread] WARNING: pipe error: 109: file z:/build/build/src/ipc/chromium/src/chrome/common/ipc_channel_win.cc, line 346
[Parent 4712, Gecko_IOThread] WARNING: pipe error: 109: file z:/build/build/src/ipc/chromium/src/chrome/common/ipc_channel_win.cc, line 346
Unable to read VR Path Registry from C:\Users\Marcos-Garcia\AppData\Local\openvr\openvrpaths.vrpath
[Child 360, Chrome_ChildThread] WARNING: pipe error: 109: file z:/build/build/src/ipc/chromium/src/chrome/common/ipc_channel_win.cc, line 346
1521831214980	addons.productaddons	WARN	Failed downloading via XHR, status: 0, reason: error
[Parent 4712, Gecko_IOThread] WARNING: pipe error: 109: file z:/build/build/src/ipc/chromium/src/chrome/common/ipc_channel_win.cc, line 346
Unable to read VR Path Registry from C:\Users\Marcos-Garcia\AppData\Local\openvr\openvrpaths.vrpath
[Child 3924, Chrome_ChildThread] WARNING: pipe error: 109: file z:/build/build/src/ipc/chromium/src/chrome/common/ipc_channel_win.cc, line 346
[Child 3924, Chrome_ChildThread] WARNING: pipe error: 109: file z:/build/build/src/ipc/chromium/src/chrome/common/ipc_channel_win.cc, line 346
*** UTM:SVC TimerManager:registerTimer called after profile-before-change notification. Ignoring timer registration for id: telemetry_modules_ping
Unable to read VR Path Registry from C:\Users\Marcos-Garcia\AppData\Local\openvr\openvrpaths.vrpath
[GPU 4396, Chrome_ChildThread] WARNING: pipe error: 109: file z:/build/build/src/ipc/chromium/src/chrome/common/ipc_channel_win.cc, line 346
1521831216703	geckodriver::marionette	ERROR	Failed to stop browser process
1521831296786	geckodriver	INFO	geckodriver 0.20.0
1521831296817	geckodriver	INFO	Listening on 127.0.0.1:56670
1521831299675	mozrunner::runner	INFO	Running command: "C:\\Program Files (x86)\\Mozilla Firefox\\firefox.exe" "-marionette" "-profile" "C:\\Users\\MARCOS~1\\AppData\\Local\\Temp\\rust_mozprofile.jX67hG0Gdn2M"
1521831301626	Marionette	INFO	Enabled via --marionette
1521831306284	Marionette	INFO	Listening on port 56678
1521831307172	Marionette	WARN	TLS certificate errors will be ignored for this session
Unable to read VR Path Registry from C:\Users\Marcos-Garcia\AppData\Local\openvr\openvrpaths.vrpath
[Parent 3136, Gecko_IOThread] WARNING: pipe error: 109: file z:/build/build/src/ipc/chromium/src/chrome/common/ipc_channel_win.cc, line 346
[Parent 3136, Gecko_IOThread] WARNING: pipe error: 109: file z:/build/build/src/ipc/chromium/src/chrome/common/ipc_channel_win.cc, line 346
Unable to read VR Path Registry from C:\Users\Marcos-Garcia\AppData\Local\openvr\openvrpaths.vrpath
[Child 6464, Chrome_ChildThread] WARNING: pipe error: 109: file z:/build/build/src/ipc/chromium/src/chrome/common/ipc_channel_win.cc, line 346
[Child 6464, Chrome_ChildThread] WARNING: pipe error: 109: file z:/build/build/src/ipc/chromium/src/chrome/common/ipc_channel_win.cc, line 346
[Parent 3136, Gecko_IOThread] WARNING: pipe error: 109: file z:/build/build/src/ipc/chromium/src/chrome/common/ipc_channel_win.cc, line 346
*** UTM:SVC TimerManager:registerTimer called after profile-before-change notification. Ignoring timer registration for id: telemetry_modules_ping

###!!! [Child][MessageChannel::SendAndWait] Error: Channel error: cannot send/recv

1521831347306	geckodriver::marionette	ERROR	Failed to stop browser process
1521831391815	geckodriver	INFO	geckodriver 0.20.0
1521831391861	geckodriver	INFO	Listening on 127.0.0.1:56763
1521831394820	mozrunner::runner	INFO	Running command: "C:\\Program Files (x86)\\Mozilla Firefox\\firefox.exe" "-marionette" "-profile" "C:\\Users\\MARCOS~1\\AppData\\Local\\Temp\\rust_mozprofile.egU1efB3zjBt"
1521831396656	Marionette	INFO	Enabled via --marionette
1521831401172	Marionette	INFO	Listening on port 56772
1521831402300	Marionette	WARN	TLS certificate errors will be ignored for this session
1521831402574	addons.xpi	WARN	Exception running bootstrap method shutdown on activity-stream@mozilla.org: [Exception... "Component returned failure code: 0x80004005 (NS_ERROR_FAILURE) [nsIObserverService.removeObserver]"  nsresult: "0x80004005 (NS_ERROR_FAILURE)"  location: "JS frame :: resource://activity-stream/lib/SnippetsFeed.jsm :: uninit :: line 125"  data: no] Stack trace: uninit()@resource://activity-stream/lib/SnippetsFeed.jsm:125 < onAction()@resource://activity-stream/lib/SnippetsFeed.jsm:141 < _middleware/</<()@resource://activity-stream/lib/Store.jsm:51 < Store/this[method]()@resource://activity-stream/lib/Store.jsm:30 < uninit()@resource://activity-stream/lib/Store.jsm:153 < uninit()@resource://activity-stream/lib/ActivityStream.jsm:274 < uninit()@resource://gre/modules/addons/XPIProvider.jsm -> jar:file:///C:/Program%20Files%20(x86)/Mozilla%20Firefox/browser/features/activity-stream@mozilla.org.xpi!/bootstrap.js:80 < shutdown()@resource://gre/modules/addons/XPIProvider.jsm -> jar:file:///C:/Program%20Files%20(x86)/Mozilla%20Firefox/browser/features/activity-stream@mozilla.org.xpi!/bootstrap.js:196 < callBootstrapMethod()@resource://gre/modules/addons/XPIProvider.jsm:4419 < observe()@resource://gre/modules/addons/XPIProvider.jsm:2279 < GeckoDriver.prototype.quit()@driver.js:3270 < despatch()@server.js:557 < execute()@server.js:531 < onPacket/<()@server.js:506 < onPacket()@server.js:505 < _onJSONObjectReady/<()@transport.js:500
Unable to read VR Path Registry from C:\Users\Marcos-Garcia\AppData\Local\openvr\openvrpaths.vrpath
[Child 11564, Chrome_ChildThread] WARNING: pipe error: 109: file z:/build/build/src/ipc/chromium/src/chrome/common/ipc_channel_win.cc, line 346
[Child 11564, Chrome_ChildThread] WARNING: pipe error: 109: file z:/build/build/src/ipc/chromium/src/chrome/common/ipc_channel_win.cc, line 346
Unable to read VR Path Registry from C:\Users\Marcos-Garcia\AppData\Local\openvr\openvrpaths.vrpath
[Child 12276, Chrome_ChildThread] WARNING: pipe error: 109: file z:/build/build/src/ipc/chromium/src/chrome/common/ipc_channel_win.cc, line 346
[Child 12276, Chrome_ChildThread] WARNING: pipe error: 109: file z:/build/build/src/ipc/chromium/src/chrome/common/ipc_channel_win.cc, line 346
Unable to read VR Path Registry from C:\Users\Marcos-Garcia\AppData\Local\openvr\openvrpaths.vrpath
[Child 7276, Chrome_ChildThread] WARNING: pipe error: 109: file z:/build/build/src/ipc/chromium/src/chrome/common/ipc_channel_win.cc, line 346
*** UTM:SVC TimerManager:registerTimer called after profile-before-change notification. Ignoring timer registration for id: telemetry_modules_ping
Unable to read VR Path Registry from C:\Users\Marcos-Garcia\AppData\Local\openvr\openvrpaths.vrpath
[GPU 7012, Chrome_ChildThread] WARNING: pipe error: 109: file z:/build/build/src/ipc/chromium/src/chrome/common/ipc_channel_win.cc, line 346

###!!! [Child][MessageChannel::SendAndWait] Error: Channel error: cannot send/recv

Unable to read VR Path Registry from C:\Users\Marcos-Garcia\AppData\Local\openvr\openvrpaths.vrpath
1521831405965	geckodriver::marionette	ERROR	Failed to stop browser process
1521835503714	geckodriver	INFO	geckodriver 0.20.0
1521835503786	geckodriver	INFO	Listening on 127.0.0.1:65095
1521835506321	mozrunner::runner	INFO	Running command: "C:\\Program Files (x86)\\Mozilla Firefox\\firefox.exe" "-marionette" "-profile" "C:\\Users\\MARCOS~1\\AppData\\Local\\Temp\\rust_mozprofile.dyxxlb6O0bgR"
1521835509520	Marionette	INFO	Enabled via --marionette
1521835515912	Marionette	INFO	Listening on port 65104
1521835516080	Marionette	WARN	TLS certificate errors will be ignored for this session
1521835516594	addons.xpi	WARN	Exception running bootstrap method shutdown on activity-stream@mozilla.org: [Exception... "Component returned failure code: 0x80004005 (NS_ERROR_FAILURE) [nsIObserverService.removeObserver]"  nsresult: "0x80004005 (NS_ERROR_FAILURE)"  location: "JS frame :: resource://activity-stream/lib/SnippetsFeed.jsm :: uninit :: line 125"  data: no] Stack trace: uninit()@resource://activity-stream/lib/SnippetsFeed.jsm:125 < onAction()@resource://activity-stream/lib/SnippetsFeed.jsm:141 < _middleware/</<()@resource://activity-stream/lib/Store.jsm:51 < Store/this[method]()@resource://activity-stream/lib/Store.jsm:30 < uninit()@resource://activity-stream/lib/Store.jsm:153 < uninit()@resource://activity-stream/lib/ActivityStream.jsm:274 < uninit()@resource://gre/modules/addons/XPIProvider.jsm -> jar:file:///C:/Program%20Files%20(x86)/Mozilla%20Firefox/browser/features/activity-stream@mozilla.org.xpi!/bootstrap.js:80 < shutdown()@resource://gre/modules/addons/XPIProvider.jsm -> jar:file:///C:/Program%20Files%20(x86)/Mozilla%20Firefox/browser/features/activity-stream@mozilla.org.xpi!/bootstrap.js:196 < callBootstrapMethod()@resource://gre/modules/addons/XPIProvider.jsm:4419 < observe()@resource://gre/modules/addons/XPIProvider.jsm:2279 < GeckoDriver.prototype.quit()@driver.js:3270 < despatch()@server.js:557 < execute()@server.js:531 < onPacket/<()@server.js:506 < onPacket()@server.js:505 < _onJSONObjectReady/<()@transport.js:500
Unable to read VR Path Registry from C:\Users\Marcos-Garcia\AppData\Local\openvr\openvrpaths.vrpath
[Parent 8772, Gecko_IOThread] WARNING: pipe error: 109: file z:/build/build/src/ipc/chromium/src/chrome/common/ipc_channel_win.cc, line 346
[Parent 8772, Gecko_IOThread] WARNING: pipe error: 109: file z:/build/build/src/ipc/chromium/src/chrome/common/ipc_channel_win.cc, line 346
Unable to read VR Path Registry from C:\Users\Marcos-Garcia\AppData\Local\openvr\openvrpaths.vrpath
[Child 4980, Chrome_ChildThread] WARNING: pipe error: 109: file z:/build/build/src/ipc/chromium/src/chrome/common/ipc_channel_win.cc, line 346
JavaScript error: resource://gre/modules/JSONFile.jsm, line 161: Error: Data is not ready.
JavaScript error: resource://gre/modules/JSONFile.jsm, line 161: Error: Data is not ready.
JavaScript error: resource://gre/modules/JSONFile.jsm, line 161: Error: Data is not ready.
JavaScript error: resource://pdf.js/PdfJs.jsm, line 253: NS_ERROR_XPC_JAVASCRIPT_ERROR_WITH_DETAILS: [JavaScript Error: "Data is not ready." {file: "resource://gre/modules/JSONFile.jsm" line: 161}]'[JavaScript Error: "Data is not ready." {file: "resource://gre/modules/JSONFile.jsm" line: 161}]' when calling method: [nsIHandlerService::store]
*** UTM:SVC TimerManager:registerTimer called after profile-before-change notification. Ignoring timer registration for id: telemetry_modules_ping
JavaScript error: resource://gre/modules/osfile/osfile_async_front.jsm, line 411: Error: OS.File has been shut down. Rejecting post to DirectoryIterator_prototype_close
JavaScript error: resource://gre/modules/osfile/osfile_async_front.jsm, line 411: Error: OS.File has been shut down. Rejecting post to DirectoryIterator_prototype_close
JavaScript error: resource://gre/modules/ProfileAge.jsm, line 176: Error: Unable to fetch oldest profile entry: Error: OS.File has been shut down. Rejecting request to DirectoryIterator_prototype_next
JavaScript error: resource://gre/modules/ProfileAge.jsm, line 176: Error: Unable to fetch oldest profile entry: Error: OS.File has been shut down. Rejecting request to DirectoryIterator_prototype_next

###!!! [Child][MessageChannel::SendAndWait] Error: Channel error: cannot send/recv

1521835520383	geckodriver::marionette	ERROR	Failed to stop browser process
1521837998416	geckodriver	INFO	geckodriver 0.20.0
1521837998452	geckodriver	INFO	Listening on 127.0.0.1:49701
1521838001265	mozrunner::runner	INFO	Running command: "C:\\Program Files (x86)\\Mozilla Firefox\\firefox.exe" "-marionette" "-profile" "C:\\Users\\MARCOS~1\\AppData\\Local\\Temp\\rust_mozprofile.ufnbreXxdoCA"
1521838003384	Marionette	INFO	Enabled via --marionette
1521838008160	Marionette	INFO	Listening on port 49711
1521838008664	Marionette	WARN	TLS certificate errors will be ignored for this session
Unable to read VR Path Registry from C:\Users\Marcos-Garcia\AppData\Local\openvr\openvrpaths.vrpath
[Child 3708, Chrome_ChildThread] WARNING: pipe error: 109: file z:/build/build/src/ipc/chromium/src/chrome/common/ipc_channel_win.cc, line 346
[Child 3708, Chrome_ChildThread] WARNING: pipe error: 109: file z:/build/build/src/ipc/chromium/src/chrome/common/ipc_channel_win.cc, line 346
Unable to read VR Path Registry from C:\Users\Marcos-Garcia\AppData\Local\openvr\openvrpaths.vrpath
[Child 11120, Chrome_ChildThread] WARNING: pipe error: 109: file z:/build/build/src/ipc/chromium/src/chrome/common/ipc_channel_win.cc, line 346
Unable to read VR Path Registry from C:\Users\Marcos-Garcia\AppData\Local\openvr\openvrpaths.vrpath
[Parent 2828, Gecko_IOThread] WARNING: pipe error: 109: file z:/build/build/src/ipc/chromium/src/chrome/common/ipc_channel_win.cc, line 346
*** UTM:SVC TimerManager:registerTimer called after profile-before-change notification. Ignoring timer registration for id: telemetry_modules_ping
Unable to read VR Path Registry from C:\Users\Marcos-Garcia\AppData\Local\openvr\openvrpaths.vrpath
[GPU 5676, Chrome_ChildThread] WARNING: pipe error: 109: file z:/build/build/src/ipc/chromium/src/chrome/common/ipc_channel_win.cc, line 346
1521838026962	geckodriver::marionette	ERROR	Failed to stop browser process
1521838085640	geckodriver	INFO	geckodriver 0.20.0
1521838085671	geckodriver	INFO	Listening on 127.0.0.1:49795
1521838088492	mozrunner::runner	INFO	Running command: "C:\\Program Files (x86)\\Mozilla Firefox\\firefox.exe" "-marionette" "-profile" "C:\\Users\\MARCOS~1\\AppData\\Local\\Temp\\rust_mozprofile.JOzRNln33Csb"
1521838090230	Marionette	INFO	Enabled via --marionette
1521838094690	Marionette	INFO	Listening on port 49803
1521838094750	Marionette	WARN	TLS certificate errors will be ignored for this session
Unable to read VR Path Registry from C:\Users\Marcos-Garcia\AppData\Local\openvr\openvrpaths.vrpath
[Child 9312, Chrome_ChildThread] WARNING: pipe error: 109: file z:/build/build/src/ipc/chromium/src/chrome/common/ipc_channel_win.cc, line 346
[Child 9312, Chrome_ChildThread] WARNING: pipe error: 109: file z:/build/build/src/ipc/chromium/src/chrome/common/ipc_channel_win.cc, line 346
Unable to read VR Path Registry from C:\Users\Marcos-Garcia\AppData\Local\openvr\openvrpaths.vrpath
[Child 6888, Chrome_ChildThread] WARNING: pipe error: 109: file z:/build/build/src/ipc/chromium/src/chrome/common/ipc_channel_win.cc, line 346
Unable to read VR Path Registry from C:\Users\Marcos-Garcia\AppData\Local\openvr\openvrpaths.vrpath
[Child 2836, Chrome_ChildThread] WARNING: pipe error: 109: file z:/build/build/src/ipc/chromium/src/chrome/common/ipc_channel_win.cc, line 346
[Child 2836, Chrome_ChildThread] WARNING: pipe error: 109: file z:/build/build/src/ipc/chromium/src/chrome/common/ipc_channel_win.cc, line 346
*** UTM:SVC TimerManager:registerTimer called after profile-before-change notification. Ignoring timer registration for id: telemetry_modules_ping

###!!! [Child][MessageChannel::SendAndWait] Error: Channel error: cannot send/recv

Unable to read VR Path Registry from C:\Users\Marcos-Garcia\AppData\Local\openvr\openvrpaths.vrpath
1521838123087	geckodriver::marionette	ERROR	Failed to stop browser process
1521838463246	geckodriver	INFO	geckodriver 0.20.0
1521838463284	geckodriver	INFO	Listening on 127.0.0.1:50022
1521838466116	mozrunner::runner	INFO	Running command: "C:\\Program Files (x86)\\Mozilla Firefox\\firefox.exe" "-marionette" "-profile" "C:\\Users\\MARCOS~1\\AppData\\Local\\Temp\\rust_mozprofile.VEJW2RTkicyc"
1521838467930	Marionette	INFO	Enabled via --marionette
1521838472702	Marionette	INFO	Listening on port 50031
1521838473514	Marionette	WARN	TLS certificate errors will be ignored for this session
Unable to read VR Path Registry from C:\Users\Marcos-Garcia\AppData\Local\openvr\openvrpaths.vrpath
[Parent 10024, Gecko_IOThread] WARNING: pipe error: 109: file z:/build/build/src/ipc/chromium/src/chrome/common/ipc_channel_win.cc, line 346
Unable to read VR Path Registry from C:\Users\Marcos-Garcia\AppData\Local\openvr\openvrpaths.vrpath
[Child 7636, Chrome_ChildThread] WARNING: pipe error: 109: file z:/build/build/src/ipc/chromium/src/chrome/common/ipc_channel_win.cc, line 346
[Child 7636, Chrome_ChildThread] WARNING: pipe error: 109: file z:/build/build/src/ipc/chromium/src/chrome/common/ipc_channel_win.cc, line 346
[Parent 10024, Gecko_IOThread] WARNING: pipe error: 109: file z:/build/build/src/ipc/chromium/src/chrome/common/ipc_channel_win.cc, line 346
Unable to read VR Path Registry from C:\Users\Marcos-Garcia\AppData\Local\openvr\openvrpaths.vrpath
[Child 11184, Chrome_ChildThread] WARNING: pipe error: 109: file z:/build/build/src/ipc/chromium/src/chrome/common/ipc_channel_win.cc, line 346
*** UTM:SVC TimerManager:registerTimer called after profile-before-change notification. Ignoring timer registration for id: telemetry_modules_ping
